<?xml version="1.0" encoding="UTF-8"?>
<testsuite name="br.com.adriano.swde.stepdefs.CucumberTest" tests="0" skipped="0" failures="0" errors="0" timestamp="1970-01-01T00:00:00" hostname="adriano-Inspiron-5570" time="0.0">
  <properties/>
  <system-out><![CDATA[
?[31mFailed scenarios:?[0m
?[31mfile:///home/adriano/Development/study/spark/spark-with-dynamo-examples/src/acceptanceTest/resources/feature/SharesPeakPriceByMonth.feature:28?[0m# Successfully run the job

1 Scenarios (?[31m1 failed?[0m)
3 Steps (?[31m1 failed?[0m, ?[32m2 passed?[0m)
0m0,182s


java.lang.AssertionError: The size lists isn't as expected. expected:<2> but was:<0>
	at org.junit.Assert.fail(Assert.java:89)
	at org.junit.Assert.failNotEquals(Assert.java:835)
	at org.junit.Assert.assertEquals(Assert.java:647)
	at br.com.adriano.swde.stepdefs.SharesHighestPriceMonthlyStepDefs.assertResult(SharesHighestPriceMonthlyStepDefs.java:80)
	at br.com.adriano.swde.stepdefs.SharesHighestPriceMonthlyStepDefs.shouldBeSaved(SharesHighestPriceMonthlyStepDefs.java:69)
	at ✽.should be saved the following result(file:///home/adriano/Development/study/spark/spark-with-dynamo-examples/src/acceptanceTest/resources/feature/SharesPeakPriceByMonth.feature:32)


]]></system-out>
  <system-err><![CDATA[abr 25, 2020 2:48:45 AM io.cucumber.junit.Cucumber <init>
ADVERTÊNCIA: By default Cucumber is running in --non-strict mode.
This default will change to --strict and --non-strict will be removed.
You can use --strict or @CucumberOptions(strict = true) to suppress this warning
abr 25, 2020 2:48:45 AM br.com.adriano.swde.stepdefs.CucumberTest setup
INFORMAÇÕES: m=setup, message=Starting @BeforeClass annotated method.
abr 25, 2020 2:48:46 AM br.com.adriano.swde.stepdefs.CucumberTest setup
INFORMAÇÕES: m=setup, message=Ending @BeforeClass annotated method.
abr 25, 2020 2:48:46 AM br.com.adriano.swde.stepdefs.CucumberTest cleanup
INFORMAÇÕES: m=cleanup, message=Starting @AfterClass annotated method.
abr 25, 2020 2:48:46 AM br.com.adriano.swde.stepdefs.CucumberTest cleanup
INFORMAÇÕES: m=cleanup, message=Ending @AfterClass annotated method.
]]></system-err>
</testsuite>
